2021-01-24 15:02:10.348 - INFO - 5498 - azureml.train.automl.run._log_activity:54 - ActivityStarted: GetOutput
2021-01-24 15:02:10.360 - INFO - 5498 - azureml.train.automl.run._log_activity:54 - ActivityStarted: GetOutput
2021-01-24 15:02:10.371 - INFO - 5498 - azureml.train.automl.run._log_activity:54 - ActivityStarted: GetChildren
2021-01-24 15:02:10.507 - INFO - 5498 - azureml.train.automl.run._log_activity:92 - ActivityCompleted: Activity=GetChildren, HowEnded=Success, Duration=136.32[ms]
2021-01-24 15:02:10.508 - INFO - 5498 - azureml.train.automl.run._log_activity:92 - ActivityCompleted: Activity=GetOutput, HowEnded=Success, Duration=147.54[ms]
2021-01-24 15:02:10.508 - INFO - 5498 - azureml.train.automl._model_download_utilities._log_activity:54 - ActivityStarted: DownloadModel
2021-01-24 15:02:21.838 - INFO - 5498 - azureml.automl.runtime.distributed.utilities.horovod_initialized:58 - Horovod not found in current environment. Distribution via Horovod will be disabled.
2021-01-24 15:02:26.012 - CRITICAL - 5498 - azureml.train.automl._model_download_utilities.log_traceback:224 - Type: Unclassified
Class: ModuleNotFoundError
Message: No module named 'azureml.automl.runtime._ml_engine.featurizer_suggestion'
Traceback:
  File "_model_download_utilities.py", line 153, in _load_automl_model
    fitted_model = pickle.load(model_file)  # type: Optional[Any]

ExceptionTarget: Unspecified
2021-01-24 15:02:26.037 - CRITICAL - 5498 - azureml.train.automl._model_download_utilities.log_traceback:224 - Type: Unclassified
Class: ModuleNotFoundError
Message: No module named 'azureml.automl.runtime._ml_engine.featurizer_suggestion'
Traceback:
  File "telemetry_activity_logger.py", line 57, in _log_activity
    yield
  File "_model_download_utilities.py", line 87, in _download_automl_model
    model = _load_automl_model(model_path)
  File "_model_download_utilities.py", line 153, in _load_automl_model
    fitted_model = pickle.load(model_file)  # type: Optional[Any]

ExceptionTarget: Unspecified
2021-01-24 15:02:26.037 - INFO - 5498 - azureml.train.automl._model_download_utilities._log_activity:92 - ActivityCompleted: Activity=DownloadModel, HowEnded=Failure, Duration=15529.04[ms]
2021-01-24 15:02:26.038 - CRITICAL - 5498 - azureml.train.automl.run.log_traceback:224 - Type: Unclassified
Class: ModuleNotFoundError
Message: No module named 'azureml.automl.runtime._ml_engine.featurizer_suggestion'
Traceback:
  File "telemetry_activity_logger.py", line 57, in _log_activity
    yield
  File "run.py", line 694, in get_output
    fitted_model = _download_automl_model(curr_run, model_name)
  File "_model_download_utilities.py", line 87, in _download_automl_model
    model = _load_automl_model(model_path)
  File "_model_download_utilities.py", line 153, in _load_automl_model
    fitted_model = pickle.load(model_file)  # type: Optional[Any]

ExceptionTarget: Unspecified
2021-01-24 15:02:26.039 - INFO - 5498 - azureml.train.automl.run._log_activity:92 - ActivityCompleted: Activity=GetOutput, HowEnded=Failure, Duration=15690.74[ms]
2021-01-24 15:03:47.180 - INFO - 5498 - azureml.train.automl.run._log_activity:54 - ActivityStarted: GetOutput
2021-01-24 15:03:47.193 - INFO - 5498 - azureml.train.automl.run._log_activity:54 - ActivityStarted: GetOutput
2021-01-24 15:03:47.199 - INFO - 5498 - azureml.train.automl.run._log_activity:54 - ActivityStarted: GetChildren
2021-01-24 15:03:47.340 - INFO - 5498 - azureml.train.automl.run._log_activity:92 - ActivityCompleted: Activity=GetChildren, HowEnded=Success, Duration=141.3[ms]
2021-01-24 15:03:47.340 - INFO - 5498 - azureml.train.automl.run._log_activity:92 - ActivityCompleted: Activity=GetOutput, HowEnded=Success, Duration=146.61[ms]
2021-01-24 15:03:47.341 - INFO - 5498 - azureml.train.automl._model_download_utilities._log_activity:54 - ActivityStarted: DownloadModel
2021-01-24 15:03:47.735 - CRITICAL - 5498 - azureml.train.automl._model_download_utilities.log_traceback:224 - Type: Unclassified
Class: ModuleNotFoundError
Message: No module named 'azureml.automl.runtime._ml_engine.featurizer_suggestion'
Traceback:
  File "_model_download_utilities.py", line 153, in _load_automl_model
    fitted_model = pickle.load(model_file)  # type: Optional[Any]

ExceptionTarget: Unspecified
2021-01-24 15:03:47.756 - CRITICAL - 5498 - azureml.train.automl._model_download_utilities.log_traceback:224 - Type: Unclassified
Class: ModuleNotFoundError
Message: No module named 'azureml.automl.runtime._ml_engine.featurizer_suggestion'
Traceback:
  File "telemetry_activity_logger.py", line 57, in _log_activity
    yield
  File "_model_download_utilities.py", line 87, in _download_automl_model
    model = _load_automl_model(model_path)
  File "_model_download_utilities.py", line 153, in _load_automl_model
    fitted_model = pickle.load(model_file)  # type: Optional[Any]

ExceptionTarget: Unspecified
2021-01-24 15:03:47.756 - INFO - 5498 - azureml.train.automl._model_download_utilities._log_activity:92 - ActivityCompleted: Activity=DownloadModel, HowEnded=Failure, Duration=415.22[ms]
2021-01-24 15:03:47.757 - CRITICAL - 5498 - azureml.train.automl.run.log_traceback:224 - Type: Unclassified
Class: ModuleNotFoundError
Message: No module named 'azureml.automl.runtime._ml_engine.featurizer_suggestion'
Traceback:
  File "telemetry_activity_logger.py", line 57, in _log_activity
    yield
  File "run.py", line 694, in get_output
    fitted_model = _download_automl_model(curr_run, model_name)
  File "_model_download_utilities.py", line 87, in _download_automl_model
    model = _load_automl_model(model_path)
  File "_model_download_utilities.py", line 153, in _load_automl_model
    fitted_model = pickle.load(model_file)  # type: Optional[Any]

ExceptionTarget: Unspecified
2021-01-24 15:03:47.757 - INFO - 5498 - azureml.train.automl.run._log_activity:92 - ActivityCompleted: Activity=GetOutput, HowEnded=Failure, Duration=577.17[ms]
2021-01-24 15:05:25.927 - INFO - 5498 - azureml.train.automl.run._log_activity:54 - ActivityStarted: GetOutput
2021-01-24 15:05:25.933 - INFO - 5498 - azureml.train.automl.run._log_activity:54 - ActivityStarted: GetOutput
2021-01-24 15:05:25.951 - INFO - 5498 - azureml.train.automl.run._log_activity:54 - ActivityStarted: GetChildren
2021-01-24 15:05:26.308 - INFO - 5498 - azureml.train.automl.run._log_activity:92 - ActivityCompleted: Activity=GetChildren, HowEnded=Success, Duration=357.09[ms]
2021-01-24 15:05:26.308 - INFO - 5498 - azureml.train.automl.run._log_activity:92 - ActivityCompleted: Activity=GetOutput, HowEnded=Success, Duration=375.51[ms]
2021-01-24 15:05:26.308 - INFO - 5498 - azureml.train.automl._model_download_utilities._log_activity:54 - ActivityStarted: DownloadModel
2021-01-24 15:05:27.551 - CRITICAL - 5498 - azureml.train.automl._model_download_utilities.log_traceback:224 - Type: Unclassified
Class: ModuleNotFoundError
Message: No module named 'azureml.automl.runtime._ml_engine.featurizer_suggestion'
Traceback:
  File "_model_download_utilities.py", line 153, in _load_automl_model
    fitted_model = pickle.load(model_file)  # type: Optional[Any]

ExceptionTarget: Unspecified
2021-01-24 15:05:27.569 - CRITICAL - 5498 - azureml.train.automl._model_download_utilities.log_traceback:224 - Type: Unclassified
Class: ModuleNotFoundError
Message: No module named 'azureml.automl.runtime._ml_engine.featurizer_suggestion'
Traceback:
  File "telemetry_activity_logger.py", line 57, in _log_activity
    yield
  File "_model_download_utilities.py", line 87, in _download_automl_model
    model = _load_automl_model(model_path)
  File "_model_download_utilities.py", line 153, in _load_automl_model
    fitted_model = pickle.load(model_file)  # type: Optional[Any]

ExceptionTarget: Unspecified
2021-01-24 15:05:27.569 - INFO - 5498 - azureml.train.automl._model_download_utilities._log_activity:92 - ActivityCompleted: Activity=DownloadModel, HowEnded=Failure, Duration=1260.63[ms]
2021-01-24 15:05:27.570 - CRITICAL - 5498 - azureml.train.automl.run.log_traceback:224 - Type: Unclassified
Class: ModuleNotFoundError
Message: No module named 'azureml.automl.runtime._ml_engine.featurizer_suggestion'
Traceback:
  File "telemetry_activity_logger.py", line 57, in _log_activity
    yield
  File "run.py", line 694, in get_output
    fitted_model = _download_automl_model(curr_run, model_name)
  File "_model_download_utilities.py", line 87, in _download_automl_model
    model = _load_automl_model(model_path)
  File "_model_download_utilities.py", line 153, in _load_automl_model
    fitted_model = pickle.load(model_file)  # type: Optional[Any]

ExceptionTarget: Unspecified
2021-01-24 15:05:27.570 - INFO - 5498 - azureml.train.automl.run._log_activity:92 - ActivityCompleted: Activity=GetOutput, HowEnded=Failure, Duration=1643.07[ms]
2021-01-24 15:13:57.919 - INFO - 5498 - azureml.train.automl.run._log_activity:54 - ActivityStarted: GetOutput
2021-01-24 15:13:57.925 - INFO - 5498 - azureml.train.automl.run._log_activity:54 - ActivityStarted: GetOutput
2021-01-24 15:13:57.942 - INFO - 5498 - azureml.train.automl.run._log_activity:54 - ActivityStarted: GetChildren
2021-01-24 15:13:58.071 - INFO - 5498 - azureml.train.automl.run._log_activity:92 - ActivityCompleted: Activity=GetChildren, HowEnded=Success, Duration=128.7[ms]
2021-01-24 15:13:58.071 - INFO - 5498 - azureml.train.automl.run._log_activity:92 - ActivityCompleted: Activity=GetOutput, HowEnded=Success, Duration=146.1[ms]
2021-01-24 15:13:58.072 - INFO - 5498 - azureml.train.automl._model_download_utilities._log_activity:54 - ActivityStarted: DownloadModel
2021-01-24 15:13:58.537 - INFO - 5498 - azureml.automl.runtime.featurization.data_transformer._logger_wrapper:81 - Feature sweeping enabled: False
2021-01-24 15:13:58.538 - INFO - 5498 - azureml.automl.runtime.featurization.data_transformer._logger_wrapper:81 - Feature sweeping timeout: 86400
2021-01-24 15:13:58.653 - INFO - 5498 - azureml.train.automl._model_download_utilities._log_activity:92 - ActivityCompleted: Activity=DownloadModel, HowEnded=Success, Duration=581.29[ms]
2021-01-24 15:13:58.653 - INFO - 5498 - azureml.train.automl.run._log_activity:92 - ActivityCompleted: Activity=GetOutput, HowEnded=Success, Duration=734.46[ms]
2021-01-24 15:15:08.290 - INFO - 5498 - azureml.train.automl.run._log_activity:54 - ActivityStarted: GetOutput
2021-01-24 15:15:08.296 - INFO - 5498 - azureml.train.automl.run._log_activity:54 - ActivityStarted: GetOutput
2021-01-24 15:15:08.310 - INFO - 5498 - azureml.train.automl.run._log_activity:54 - ActivityStarted: GetChildren
2021-01-24 15:15:08.464 - INFO - 5498 - azureml.train.automl.run._log_activity:92 - ActivityCompleted: Activity=GetChildren, HowEnded=Success, Duration=154.13[ms]
2021-01-24 15:15:08.464 - INFO - 5498 - azureml.train.automl.run._log_activity:92 - ActivityCompleted: Activity=GetOutput, HowEnded=Success, Duration=168.52[ms]
2021-01-24 15:15:08.465 - INFO - 5498 - azureml.train.automl._model_download_utilities._log_activity:54 - ActivityStarted: DownloadModel
2021-01-24 15:15:08.925 - INFO - 5498 - azureml.automl.runtime.featurization.data_transformer._logger_wrapper:81 - Feature sweeping enabled: False
2021-01-24 15:15:08.925 - INFO - 5498 - azureml.automl.runtime.featurization.data_transformer._logger_wrapper:81 - Feature sweeping timeout: 86400
2021-01-24 15:15:08.973 - INFO - 5498 - azureml.train.automl._model_download_utilities._log_activity:92 - ActivityCompleted: Activity=DownloadModel, HowEnded=Success, Duration=507.25[ms]
2021-01-24 15:15:08.973 - INFO - 5498 - azureml.train.automl.run._log_activity:92 - ActivityCompleted: Activity=GetOutput, HowEnded=Success, Duration=683.05[ms]
2021-01-24 15:15:32.454 - INFO - 5498 - azureml.train.automl.run._log_activity:54 - ActivityStarted: GetOutput
2021-01-24 15:15:32.459 - INFO - 5498 - azureml.train.automl.run._log_activity:54 - ActivityStarted: GetOutput
2021-01-24 15:15:32.470 - INFO - 5498 - azureml.train.automl.run._log_activity:54 - ActivityStarted: GetChildren
2021-01-24 15:15:32.604 - INFO - 5498 - azureml.train.automl.run._log_activity:92 - ActivityCompleted: Activity=GetChildren, HowEnded=Success, Duration=133.89[ms]
2021-01-24 15:15:32.604 - INFO - 5498 - azureml.train.automl.run._log_activity:92 - ActivityCompleted: Activity=GetOutput, HowEnded=Success, Duration=144.59[ms]
2021-01-24 15:15:32.605 - INFO - 5498 - azureml.train.automl._model_download_utilities._log_activity:54 - ActivityStarted: DownloadModel
2021-01-24 15:15:33.201 - INFO - 5498 - azureml.automl.runtime.featurization.data_transformer._logger_wrapper:81 - Feature sweeping enabled: False
2021-01-24 15:15:33.201 - INFO - 5498 - azureml.automl.runtime.featurization.data_transformer._logger_wrapper:81 - Feature sweeping timeout: 86400
2021-01-24 15:15:33.243 - INFO - 5498 - azureml.train.automl._model_download_utilities._log_activity:92 - ActivityCompleted: Activity=DownloadModel, HowEnded=Success, Duration=637.97[ms]
2021-01-24 15:15:33.243 - INFO - 5498 - azureml.train.automl.run._log_activity:92 - ActivityCompleted: Activity=GetOutput, HowEnded=Success, Duration=789.02[ms]
2021-01-24 15:15:43.126 - INFO - 5498 - azureml.train.automl.run._log_activity:54 - ActivityStarted: GetOutput
2021-01-24 15:15:43.139 - INFO - 5498 - azureml.train.automl.run._log_activity:54 - ActivityStarted: GetOutput
2021-01-24 15:15:43.155 - INFO - 5498 - azureml.train.automl.run._log_activity:54 - ActivityStarted: GetChildren
2021-01-24 15:15:43.301 - INFO - 5498 - azureml.train.automl.run._log_activity:92 - ActivityCompleted: Activity=GetChildren, HowEnded=Success, Duration=145.93[ms]
2021-01-24 15:15:43.301 - INFO - 5498 - azureml.train.automl.run._log_activity:92 - ActivityCompleted: Activity=GetOutput, HowEnded=Success, Duration=162.21[ms]
2021-01-24 15:15:43.302 - INFO - 5498 - azureml.train.automl._model_download_utilities._log_activity:54 - ActivityStarted: DownloadModel
2021-01-24 15:15:43.700 - INFO - 5498 - azureml.automl.runtime.featurization.data_transformer._logger_wrapper:81 - Feature sweeping enabled: False
2021-01-24 15:15:43.701 - INFO - 5498 - azureml.automl.runtime.featurization.data_transformer._logger_wrapper:81 - Feature sweeping timeout: 86400
2021-01-24 15:15:43.743 - INFO - 5498 - azureml.train.automl._model_download_utilities._log_activity:92 - ActivityCompleted: Activity=DownloadModel, HowEnded=Success, Duration=441.51[ms]
2021-01-24 15:15:43.743 - INFO - 5498 - azureml.train.automl.run._log_activity:92 - ActivityCompleted: Activity=GetOutput, HowEnded=Success, Duration=617.68[ms]
2021-01-24 15:17:32.924 - INFO - 5498 - azureml.train.automl.run._log_activity:54 - ActivityStarted: GetOutput
2021-01-24 15:17:32.936 - INFO - 5498 - azureml.train.automl.run._log_activity:54 - ActivityStarted: GetOutput
2021-01-24 15:17:32.941 - INFO - 5498 - azureml.train.automl.run._log_activity:54 - ActivityStarted: GetChildren
2021-01-24 15:17:33.071 - INFO - 5498 - azureml.train.automl.run._log_activity:92 - ActivityCompleted: Activity=GetChildren, HowEnded=Success, Duration=130.02[ms]
2021-01-24 15:17:33.071 - INFO - 5498 - azureml.train.automl.run._log_activity:92 - ActivityCompleted: Activity=GetOutput, HowEnded=Success, Duration=134.72[ms]
2021-01-24 15:17:33.071 - INFO - 5498 - azureml.train.automl._model_download_utilities._log_activity:54 - ActivityStarted: DownloadModel
2021-01-24 15:17:33.595 - INFO - 5498 - azureml.automl.runtime.featurization.data_transformer._logger_wrapper:81 - Feature sweeping enabled: False
2021-01-24 15:17:33.595 - INFO - 5498 - azureml.automl.runtime.featurization.data_transformer._logger_wrapper:81 - Feature sweeping timeout: 86400
2021-01-24 15:17:33.632 - INFO - 5498 - azureml.train.automl._model_download_utilities._log_activity:92 - ActivityCompleted: Activity=DownloadModel, HowEnded=Success, Duration=560.44[ms]
2021-01-24 15:17:33.632 - INFO - 5498 - azureml.train.automl.run._log_activity:92 - ActivityCompleted: Activity=GetOutput, HowEnded=Success, Duration=707.79[ms]
2021-01-24 15:18:45.832 - INFO - 5498 - azureml.train.automl.run._log_activity:54 - ActivityStarted: GetOutput
2021-01-24 15:18:45.838 - INFO - 5498 - azureml.train.automl.run._log_activity:54 - ActivityStarted: GetOutput
2021-01-24 15:18:45.856 - INFO - 5498 - azureml.train.automl.run._log_activity:54 - ActivityStarted: GetChildren
2021-01-24 15:18:45.981 - INFO - 5498 - azureml.train.automl.run._log_activity:92 - ActivityCompleted: Activity=GetChildren, HowEnded=Success, Duration=124.31[ms]
2021-01-24 15:18:45.981 - INFO - 5498 - azureml.train.automl.run._log_activity:92 - ActivityCompleted: Activity=GetOutput, HowEnded=Success, Duration=142.61[ms]
2021-01-24 15:18:45.982 - INFO - 5498 - azureml.train.automl._model_download_utilities._log_activity:54 - ActivityStarted: DownloadModel
2021-01-24 15:18:46.520 - INFO - 5498 - azureml.automl.runtime.featurization.data_transformer._logger_wrapper:81 - Feature sweeping enabled: False
2021-01-24 15:18:46.520 - INFO - 5498 - azureml.automl.runtime.featurization.data_transformer._logger_wrapper:81 - Feature sweeping timeout: 86400
2021-01-24 15:18:46.542 - INFO - 5498 - azureml.train.automl._model_download_utilities._log_activity:92 - ActivityCompleted: Activity=DownloadModel, HowEnded=Success, Duration=560.76[ms]
2021-01-24 15:18:46.543 - INFO - 5498 - azureml.train.automl.run._log_activity:92 - ActivityCompleted: Activity=GetOutput, HowEnded=Success, Duration=710.16[ms]
2021-01-24 15:38:29.096 - INFO - 5498 - azureml.train.automl.run._log_activity:54 - ActivityStarted: GetOutput
2021-01-24 15:38:29.126 - INFO - 5498 - azureml.train.automl.run._log_activity:54 - ActivityStarted: GetOutput
2021-01-24 15:38:29.141 - INFO - 5498 - azureml.train.automl.run._log_activity:54 - ActivityStarted: GetChildren
2021-01-24 15:38:29.277 - INFO - 5498 - azureml.train.automl.run._log_activity:92 - ActivityCompleted: Activity=GetChildren, HowEnded=Success, Duration=135.66[ms]
2021-01-24 15:38:29.277 - INFO - 5498 - azureml.train.automl.run._log_activity:92 - ActivityCompleted: Activity=GetOutput, HowEnded=Success, Duration=150.67[ms]
2021-01-24 15:38:29.282 - INFO - 5498 - azureml.train.automl._model_download_utilities._log_activity:54 - ActivityStarted: DownloadModel
2021-01-24 15:38:29.661 - INFO - 5498 - azureml.automl.runtime.featurization.data_transformer._logger_wrapper:81 - Feature sweeping enabled: False
2021-01-24 15:38:29.661 - INFO - 5498 - azureml.automl.runtime.featurization.data_transformer._logger_wrapper:81 - Feature sweeping timeout: 86400
2021-01-24 15:38:29.690 - INFO - 5498 - azureml.train.automl._model_download_utilities._log_activity:92 - ActivityCompleted: Activity=DownloadModel, HowEnded=Success, Duration=407.19[ms]
2021-01-24 15:38:29.690 - INFO - 5498 - azureml.train.automl.run._log_activity:92 - ActivityCompleted: Activity=GetOutput, HowEnded=Success, Duration=593.42[ms]
2021-01-31 00:36:46.059 - INFO - 10462 - azureml.train.automl.run._log_activity:54 - ActivityStarted: GetOutput
2021-01-31 00:36:46.085 - INFO - 10462 - azureml.train.automl.run._log_activity:54 - ActivityStarted: GetOutput
2021-01-31 00:36:46.105 - INFO - 10462 - azureml.train.automl.run._log_activity:54 - ActivityStarted: GetChildren
2021-01-31 00:36:46.240 - INFO - 10462 - azureml.train.automl.run._log_activity:92 - ActivityCompleted: Activity=GetChildren, HowEnded=Success, Duration=134.59[ms]
2021-01-31 00:36:46.240 - INFO - 10462 - azureml.train.automl.run._log_activity:92 - ActivityCompleted: Activity=GetOutput, HowEnded=Success, Duration=155.33[ms]
2021-01-31 00:36:46.251 - INFO - 10462 - azureml.train.automl._model_download_utilities._log_activity:54 - ActivityStarted: DownloadModel
2021-01-31 00:36:56.300 - INFO - 10462 - azureml.automl.runtime.distributed.utilities.horovod_initialized:58 - Horovod not found in current environment. Distribution via Horovod will be disabled.
2021-01-31 00:36:59.544 - INFO - 10462 - azureml.automl.runtime.featurization.data_transformer.__init__:184 - Feature sweeping enabled: False
2021-01-31 00:36:59.544 - INFO - 10462 - azureml.automl.runtime.featurization.data_transformer.__init__:185 - Feature sweeping timeout: 86400
2021-01-31 00:37:00.170 - INFO - 10462 - azureml.train.automl._model_download_utilities._log_activity:92 - ActivityCompleted: Activity=DownloadModel, HowEnded=Success, Duration=13918.57[ms]
2021-01-31 00:37:00.170 - INFO - 10462 - azureml.train.automl.run._log_activity:92 - ActivityCompleted: Activity=GetOutput, HowEnded=Success, Duration=14111.17[ms]
2021-02-11 22:16:47.343 - INFO - 5358 - azureml.train.automl.run._log_activity:54 - ActivityStarted: GetOutput
2021-02-11 22:16:47.391 - INFO - 5358 - azureml.train.automl.run._log_activity:54 - ActivityStarted: GetOutput
2021-02-11 22:16:47.408 - INFO - 5358 - azureml.train.automl.run._log_activity:54 - ActivityStarted: GetChildren
2021-02-11 22:16:47.527 - INFO - 5358 - azureml.train.automl.run._log_activity:92 - ActivityCompleted: Activity=GetChildren, HowEnded=Success, Duration=118.87[ms]
2021-02-11 22:16:47.527 - INFO - 5358 - azureml.train.automl.run._log_activity:92 - ActivityCompleted: Activity=GetOutput, HowEnded=Success, Duration=135.99[ms]
2021-02-11 22:16:47.527 - INFO - 5358 - azureml.train.automl._model_download_utilities._log_activity:54 - ActivityStarted: DownloadModel
2021-02-11 22:16:58.061 - INFO - 5358 - azureml.automl.runtime.distributed.utilities.horovod_initialized:58 - Horovod not found in current environment. Distribution via Horovod will be disabled.
2021-02-11 22:17:00.866 - INFO - 5358 - azureml.automl.runtime.featurization.data_transformer.__init__:184 - Feature sweeping enabled: False
2021-02-11 22:17:00.866 - INFO - 5358 - azureml.automl.runtime.featurization.data_transformer.__init__:185 - Feature sweeping timeout: 86400
2021-02-11 22:17:02.123 - INFO - 5358 - azureml.train.automl._model_download_utilities._log_activity:92 - ActivityCompleted: Activity=DownloadModel, HowEnded=Success, Duration=14595.89[ms]
2021-02-11 22:17:02.124 - INFO - 5358 - azureml.train.automl.run._log_activity:92 - ActivityCompleted: Activity=GetOutput, HowEnded=Success, Duration=14780.44[ms]
